ISim log file
Running: C:\Users\jayarajaperua7173\Dropbox\Study Material\Summer-2016\ADSD\CENG5534_FinalProject_Group1\CPU_Design\Test_CPU_Design_2_isim_beh.exe -intstyle ise -gui -tclbatch isim.cmd -wdb C:/Users/jayarajaperua7173/Dropbox/Study Material/Summer-2016/ADSD/CENG5534_FinalProject_Group1/CPU_Design/Test_CPU_Design_2_isim_beh.wdb 
ISim P.49d (signature 0x7708f090)
----------------------------------------------------------------------
INFO:Security:50 - The XILINXD_LICENSE_FILE environment variable is set to '2100@dc1'.
INFO:Security:52 - The LM_LICENSE_FILE environment variable is set to '2100@dc1'.
WARNING:Security:43 - No license file was found in the standard Xilinx license directory.
WARNING:Security:44 - Since no license file was found,
       please run the Xilinx License Configuration Manager
       (xlcm or "Manage Xilinx Licenses")
       to assist in obtaining a license.
WARNING:Security:42 - Your software subscription period has lapsed. Your current version of Xilinx tools will continue to function, but you no longer qualify for Xilinx software updates or new releases.


----------------------------------------------------------------------
This is a Full version of ISim.
Time resolution is 1 ps
# onerror resume
# wave add /
# run 1000 ns
Simulator is doing circuit initialization process.
at 0 ps, Instance /test_cpu_design_2/uut/Component9/Arithmetic/ : Warning: There is an 'U'|'X'|'W'|'Z'|'-' in an arithmetic operand, the result will be 'X'(es).
at 0 ps, Instance /test_cpu_design_2/uut/Component9/Arithmetic/ : Warning: CONV_INTEGER: There is an 'U'|'X'|'W'|'Z'|'-' in an arithmetic operand, and it has been converted to 0.
at 0 ps, Instance /test_cpu_design_2/uut/Component9/Arithmetic/ : Warning: CONV_INTEGER: There is an 'U'|'X'|'W'|'Z'|'-' in an arithmetic operand, and it has been converted to 0.
at 0 ps, Instance /test_cpu_design_2/uut/Component9/Arithmetic/ : Warning: CONV_INTEGER: There is an 'U'|'X'|'W'|'Z'|'-' in an arithmetic operand, and it has been converted to 0.
at 0 ps, Instance /test_cpu_design_2/uut/Component9/Arithmetic/ : Warning: CONV_INTEGER: There is an 'U'|'X'|'W'|'Z'|'-' in an arithmetic operand, and it has been converted to 0.
at 0 ps, Instance /test_cpu_design_2/uut/Component9/Arithmetic/ : Warning: CONV_INTEGER: There is an 'U'|'X'|'W'|'Z'|'-' in an arithmetic operand, and it has been converted to 0.
at 0 ps, Instance /test_cpu_design_2/uut/Component9/Arithmetic/ : Warning: CONV_INTEGER: There is an 'U'|'X'|'W'|'Z'|'-' in an arithmetic operand, and it has been converted to 0.
at 0 ps, Instance /test_cpu_design_2/uut/Component9/Arithmetic/ : Warning: CONV_INTEGER: There is an 'U'|'X'|'W'|'Z'|'-' in an arithmetic operand, and it has been converted to 0.
Finished circuit initialization process.
# run 1.00us
at 1450 ns(2), Instance /test_cpu_design_2/uut/Component9/Arithmetic/ : Warning: CONV_INTEGER: There is an 'U'|'X'|'W'|'Z'|'-' in an arithmetic operand, and it has been converted to 0.
at 1450 ns(2), Instance /test_cpu_design_2/uut/Component9/Arithmetic/ : Warning: CONV_INTEGER: There is an 'U'|'X'|'W'|'Z'|'-' in an arithmetic operand, and it has been converted to 0.
at 1450 ns(2), Instance /test_cpu_design_2/uut/Component9/Arithmetic/ : Warning: CONV_INTEGER: There is an 'U'|'X'|'W'|'Z'|'-' in an arithmetic operand, and it has been converted to 0.
at 1650 ns(2), Instance /test_cpu_design_2/uut/Component9/Arithmetic/ : Warning: CONV_INTEGER: There is an 'U'|'X'|'W'|'Z'|'-' in an arithmetic operand, and it has been converted to 0.
at 1650 ns(2), Instance /test_cpu_design_2/uut/Component9/Arithmetic/ : Warning: CONV_INTEGER: There is an 'U'|'X'|'W'|'Z'|'-' in an arithmetic operand, and it has been converted to 0.
at 1650 ns(2), Instance /test_cpu_design_2/uut/Component9/Arithmetic/ : Warning: CONV_INTEGER: There is an 'U'|'X'|'W'|'Z'|'-' in an arithmetic operand, and it has been converted to 0.
# run 1.00us
# run 1.00us
